2016-04-27 13:30:54 - PHP Warning:  ftp_connect(): php_network_getaddresses: getaddrinfo failed: nodename nor servname provided, or not known in /Applications/MAMP/htdocs/apteka_2.0/admin/controller/extension/installer.php on line 292
2016-05-10 19:51:09 - PHP Warning:  include(catalog/view/coloring/coloringpassword.php): failed to open stream: No such file or directory in /Applications/MAMP/htdocs/apteka_2.0/catalog/view/theme/default/template/common/header.tpl on line 49
2016-05-10 19:51:09 - PHP Warning:  include(): Failed opening 'catalog/view/coloring/coloringpassword.php' for inclusion (include_path='.:/Applications/MAMP/bin/php/php7.0.0/lib/php') in /Applications/MAMP/htdocs/apteka_2.0/catalog/view/theme/default/template/common/header.tpl on line 49
2016-05-10 19:51:38 - PHP Warning:  include(catalog/view/coloring/coloringpassword.php): failed to open stream: No such file or directory in /Applications/MAMP/htdocs/apteka_2.0/catalog/view/theme/default/template/common/header.tpl on line 49
2016-05-10 19:51:38 - PHP Warning:  include(): Failed opening 'catalog/view/coloring/coloringpassword.php' for inclusion (include_path='.:/Applications/MAMP/bin/php/php7.0.0/lib/php') in /Applications/MAMP/htdocs/apteka_2.0/catalog/view/theme/default/template/common/header.tpl on line 49
2016-05-11 18:34:19 - PHP Warning:  include(catalog/view/coloring/coloringpassword.php): failed to open stream: No such file or directory in /Applications/MAMP/htdocs/apteka_2.0/catalog/view/theme/default/template/common/header.tpl on line 49
2016-05-11 18:34:19 - PHP Warning:  include(): Failed opening 'catalog/view/coloring/coloringpassword.php' for inclusion (include_path='.:/Applications/MAMP/bin/php/php7.0.0/lib/php') in /Applications/MAMP/htdocs/apteka_2.0/catalog/view/theme/default/template/common/header.tpl on line 49
2016-05-11 18:42:36 - PHP Warning:  include(catalog/view/coloring/coloringpassword.php): failed to open stream: No such file or directory in /Applications/MAMP/htdocs/apteka_2.0/catalog/view/theme/default/template/common/header.tpl on line 49
2016-05-11 18:42:36 - PHP Warning:  include(): Failed opening 'catalog/view/coloring/coloringpassword.php' for inclusion (include_path='.:/Applications/MAMP/bin/php/php7.0.0/lib/php') in /Applications/MAMP/htdocs/apteka_2.0/catalog/view/theme/default/template/common/header.tpl on line 49
2016-05-11 18:42:40 - PHP Warning:  include(catalog/view/coloring/coloringpassword.php): failed to open stream: No such file or directory in /Applications/MAMP/htdocs/apteka_2.0/catalog/view/theme/default/template/common/header.tpl on line 49
2016-05-11 18:42:40 - PHP Warning:  include(): Failed opening 'catalog/view/coloring/coloringpassword.php' for inclusion (include_path='.:/Applications/MAMP/bin/php/php7.0.0/lib/php') in /Applications/MAMP/htdocs/apteka_2.0/catalog/view/theme/default/template/common/header.tpl on line 49
2016-05-11 18:43:35 - PHP Warning:  include(catalog/view/coloring/coloringpassword.php): failed to open stream: No such file or directory in /Applications/MAMP/htdocs/apteka_2.0/catalog/view/theme/default/template/common/header.tpl on line 49
2016-05-11 18:43:35 - PHP Warning:  include(): Failed opening 'catalog/view/coloring/coloringpassword.php' for inclusion (include_path='.:/Applications/MAMP/bin/php/php7.0.0/lib/php') in /Applications/MAMP/htdocs/apteka_2.0/catalog/view/theme/default/template/common/header.tpl on line 49
2016-05-11 18:44:08 - PHP Warning:  include(catalog/view/coloring/coloringpassword.php): failed to open stream: No such file or directory in /Applications/MAMP/htdocs/apteka_2.0/catalog/view/theme/default/template/common/header.tpl on line 49
2016-05-11 18:44:08 - PHP Warning:  include(): Failed opening 'catalog/view/coloring/coloringpassword.php' for inclusion (include_path='.:/Applications/MAMP/bin/php/php7.0.0/lib/php') in /Applications/MAMP/htdocs/apteka_2.0/catalog/view/theme/default/template/common/header.tpl on line 49
2016-05-11 19:00:23 - PHP Warning:  include(catalog/view/coloring/coloringpassword.php): failed to open stream: No such file or directory in /Applications/MAMP/htdocs/apteka_2.0/catalog/view/theme/default/template/common/header.tpl on line 49
2016-05-11 19:00:23 - PHP Warning:  include(): Failed opening 'catalog/view/coloring/coloringpassword.php' for inclusion (include_path='.:/Applications/MAMP/bin/php/php7.0.0/lib/php') in /Applications/MAMP/htdocs/apteka_2.0/catalog/view/theme/default/template/common/header.tpl on line 49
2016-05-11 19:06:12 - PHP Warning:  include(catalog/view/coloring/coloringpassword.php): failed to open stream: No such file or directory in /Applications/MAMP/htdocs/apteka_2.0/catalog/view/theme/default/template/common/header.tpl on line 49
2016-05-11 19:06:12 - PHP Warning:  include(): Failed opening 'catalog/view/coloring/coloringpassword.php' for inclusion (include_path='.:/Applications/MAMP/bin/php/php7.0.0/lib/php') in /Applications/MAMP/htdocs/apteka_2.0/catalog/view/theme/default/template/common/header.tpl on line 49
2016-05-11 19:06:16 - PHP Warning:  include(catalog/view/coloring/coloringpassword.php): failed to open stream: No such file or directory in /Applications/MAMP/htdocs/apteka_2.0/catalog/view/theme/default/template/common/header.tpl on line 49
2016-05-11 19:06:16 - PHP Warning:  include(): Failed opening 'catalog/view/coloring/coloringpassword.php' for inclusion (include_path='.:/Applications/MAMP/bin/php/php7.0.0/lib/php') in /Applications/MAMP/htdocs/apteka_2.0/catalog/view/theme/default/template/common/header.tpl on line 49
2016-05-11 19:06:25 - PHP Warning:  include(catalog/view/coloring/coloringpassword.php): failed to open stream: No such file or directory in /Applications/MAMP/htdocs/apteka_2.0/catalog/view/theme/default/template/common/header.tpl on line 49
2016-05-11 19:06:25 - PHP Warning:  include(): Failed opening 'catalog/view/coloring/coloringpassword.php' for inclusion (include_path='.:/Applications/MAMP/bin/php/php7.0.0/lib/php') in /Applications/MAMP/htdocs/apteka_2.0/catalog/view/theme/default/template/common/header.tpl on line 49
2016-05-12 10:17:13 - PHP Warning:  include(catalog/view/coloring/coloringpassword.php): failed to open stream: No such file or directory in /Applications/MAMP/htdocs/apteka_2.0/catalog/view/theme/default/template/common/header.tpl on line 49
2016-05-12 10:17:13 - PHP Warning:  include(): Failed opening 'catalog/view/coloring/coloringpassword.php' for inclusion (include_path='.:/Applications/MAMP/bin/php/php7.0.0/lib/php') in /Applications/MAMP/htdocs/apteka_2.0/catalog/view/theme/default/template/common/header.tpl on line 49
2016-05-12 10:17:18 - PHP Warning:  include(catalog/view/coloring/coloringpassword.php): failed to open stream: No such file or directory in /Applications/MAMP/htdocs/apteka_2.0/catalog/view/theme/default/template/common/header.tpl on line 49
2016-05-12 10:17:18 - PHP Warning:  include(): Failed opening 'catalog/view/coloring/coloringpassword.php' for inclusion (include_path='.:/Applications/MAMP/bin/php/php7.0.0/lib/php') in /Applications/MAMP/htdocs/apteka_2.0/catalog/view/theme/default/template/common/header.tpl on line 49
2016-05-12 10:17:28 - PHP Warning:  include(catalog/view/coloring/coloringpassword.php): failed to open stream: No such file or directory in /Applications/MAMP/htdocs/apteka_2.0/catalog/view/theme/default/template/common/header.tpl on line 49
2016-05-12 10:17:28 - PHP Warning:  include(): Failed opening 'catalog/view/coloring/coloringpassword.php' for inclusion (include_path='.:/Applications/MAMP/bin/php/php7.0.0/lib/php') in /Applications/MAMP/htdocs/apteka_2.0/catalog/view/theme/default/template/common/header.tpl on line 49
2016-05-12 10:20:10 - PHP Warning:  include(catalog/view/coloring/coloringpassword.php): failed to open stream: No such file or directory in /Applications/MAMP/htdocs/apteka_2.0/catalog/view/theme/default/template/common/header.tpl on line 49
2016-05-12 10:20:10 - PHP Warning:  include(): Failed opening 'catalog/view/coloring/coloringpassword.php' for inclusion (include_path='.:/Applications/MAMP/bin/php/php7.0.0/lib/php') in /Applications/MAMP/htdocs/apteka_2.0/catalog/view/theme/default/template/common/header.tpl on line 49
2016-05-12 10:20:26 - PHP Warning:  include(catalog/view/coloring/coloringpassword.php): failed to open stream: No such file or directory in /Applications/MAMP/htdocs/apteka_2.0/catalog/view/theme/default/template/common/header.tpl on line 49
2016-05-12 10:20:26 - PHP Warning:  include(): Failed opening 'catalog/view/coloring/coloringpassword.php' for inclusion (include_path='.:/Applications/MAMP/bin/php/php7.0.0/lib/php') in /Applications/MAMP/htdocs/apteka_2.0/catalog/view/theme/default/template/common/header.tpl on line 49
2016-05-12 10:20:49 - PHP Warning:  include(catalog/view/coloring/coloringpassword.php): failed to open stream: No such file or directory in /Applications/MAMP/htdocs/apteka_2.0/catalog/view/theme/default/template/common/header.tpl on line 49
2016-05-12 10:20:49 - PHP Warning:  include(): Failed opening 'catalog/view/coloring/coloringpassword.php' for inclusion (include_path='.:/Applications/MAMP/bin/php/php7.0.0/lib/php') in /Applications/MAMP/htdocs/apteka_2.0/catalog/view/theme/default/template/common/header.tpl on line 49
2016-05-12 11:02:48 - PHP Warning:  Invalid argument supplied for foreach() in /Applications/MAMP/htdocs/apteka_2.0/admin/controller/module/featured.php on line 124
2016-05-12 11:03:50 - PHP Warning:  include(catalog/view/coloring/coloringpassword.php): failed to open stream: No such file or directory in /Applications/MAMP/htdocs/apteka_2.0/catalog/view/theme/default/template/common/header.tpl on line 49
2016-05-12 11:03:50 - PHP Warning:  include(): Failed opening 'catalog/view/coloring/coloringpassword.php' for inclusion (include_path='.:/Applications/MAMP/bin/php/php7.0.0/lib/php') in /Applications/MAMP/htdocs/apteka_2.0/catalog/view/theme/default/template/common/header.tpl on line 49
2016-05-12 11:03:53 - PHP Warning:  include(catalog/view/coloring/coloringpassword.php): failed to open stream: No such file or directory in /Applications/MAMP/htdocs/apteka_2.0/catalog/view/theme/default/template/common/header.tpl on line 49
2016-05-12 11:03:53 - PHP Warning:  include(): Failed opening 'catalog/view/coloring/coloringpassword.php' for inclusion (include_path='.:/Applications/MAMP/bin/php/php7.0.0/lib/php') in /Applications/MAMP/htdocs/apteka_2.0/catalog/view/theme/default/template/common/header.tpl on line 49
2016-05-20 17:15:27 - PHP Warning:  unlink(/Applications/MAMP/htdocs/apteka_2.0/system/storage/cache/cache.country.status.1463041048): No such file or directory in /Applications/MAMP/htdocs/apteka_2.0/system/library/cache/file.php on line 17
2016-05-20 17:15:28 - PHP Warning:  session_start(): Cannot send session cookie - headers already sent by (output started at /Applications/MAMP/htdocs/apteka_2.0/index.php:99) in /Applications/MAMP/htdocs/apteka_2.0/system/library/session.php on line 21
2016-05-20 17:15:28 - PHP Warning:  session_start(): Cannot send session cache limiter - headers already sent (output started at /Applications/MAMP/htdocs/apteka_2.0/index.php:99) in /Applications/MAMP/htdocs/apteka_2.0/system/library/session.php on line 21
2016-05-20 17:15:28 - PHP Warning:  Cannot modify header information - headers already sent by (output started at /Applications/MAMP/htdocs/apteka_2.0/index.php:99) in /Applications/MAMP/htdocs/apteka_2.0/index.php on line 186
2016-05-20 17:15:28 - PHP Warning:  Cannot modify header information - headers already sent by (output started at /Applications/MAMP/htdocs/apteka_2.0/index.php:99) in /Applications/MAMP/htdocs/apteka_2.0/system/library/currency.php on line 45
2016-05-20 17:15:31 - PHP Warning:  include(catalog/view/coloring/coloringpassword.php): failed to open stream: No such file or directory in /Applications/MAMP/htdocs/apteka_2.0/catalog/view/theme/default/template/common/header.tpl on line 49
2016-05-20 17:15:31 - PHP Warning:  include(): Failed opening 'catalog/view/coloring/coloringpassword.php' for inclusion (include_path='.:/Applications/MAMP/bin/php/php7.0.0/lib/php') in /Applications/MAMP/htdocs/apteka_2.0/catalog/view/theme/default/template/common/header.tpl on line 49
2016-05-20 17:15:31 - PHP Warning:  include(catalog/view/coloring/coloringpassword.php): failed to open stream: No such file or directory in /Applications/MAMP/htdocs/apteka_2.0/catalog/view/theme/default/template/common/header.tpl on line 49
2016-05-20 17:15:31 - PHP Warning:  include(): Failed opening 'catalog/view/coloring/coloringpassword.php' for inclusion (include_path='.:/Applications/MAMP/bin/php/php7.0.0/lib/php') in /Applications/MAMP/htdocs/apteka_2.0/catalog/view/theme/default/template/common/header.tpl on line 49
2016-05-20 17:15:31 - PHP Warning:  include(catalog/view/coloring/coloringpassword.php): failed to open stream: No such file or directory in /Applications/MAMP/htdocs/apteka_2.0/catalog/view/theme/default/template/common/header.tpl on line 49
2016-05-20 17:15:31 - PHP Warning:  include(): Failed opening 'catalog/view/coloring/coloringpassword.php' for inclusion (include_path='.:/Applications/MAMP/bin/php/php7.0.0/lib/php') in /Applications/MAMP/htdocs/apteka_2.0/catalog/view/theme/default/template/common/header.tpl on line 49
2016-05-24 12:56:43 - PHP Warning:  include(catalog/view/coloring/coloringpassword.php): failed to open stream: No such file or directory in /Applications/MAMP/htdocs/apteka_2.0/catalog/view/theme/default/template/common/header.tpl on line 49
2016-05-24 12:56:43 - PHP Warning:  include(): Failed opening 'catalog/view/coloring/coloringpassword.php' for inclusion (include_path='.:/Applications/MAMP/bin/php/php7.0.0/lib/php') in /Applications/MAMP/htdocs/apteka_2.0/catalog/view/theme/default/template/common/header.tpl on line 49
2016-05-27 11:26:45 - PHP Warning:  unlink(/Applications/MAMP/htdocs/apteka_2.0/system/storage/cache/cache.language.1464087403): No such file or directory in /Applications/MAMP/htdocs/apteka_2.0/system/library/cache/file.php on line 17
2016-05-27 11:26:45 - PHP Warning:  session_start(): Cannot send session cookie - headers already sent by (output started at /Applications/MAMP/htdocs/apteka_2.0/index.php:99) in /Applications/MAMP/htdocs/apteka_2.0/system/library/session.php on line 21
2016-05-27 11:26:45 - PHP Warning:  session_start(): Cannot send session cache limiter - headers already sent (output started at /Applications/MAMP/htdocs/apteka_2.0/index.php:99) in /Applications/MAMP/htdocs/apteka_2.0/system/library/session.php on line 21
2016-05-27 11:26:45 - PHP Warning:  Cannot modify header information - headers already sent by (output started at /Applications/MAMP/htdocs/apteka_2.0/index.php:99) in /Applications/MAMP/htdocs/apteka_2.0/index.php on line 186
2016-05-27 11:26:45 - PHP Warning:  Cannot modify header information - headers already sent by (output started at /Applications/MAMP/htdocs/apteka_2.0/index.php:99) in /Applications/MAMP/htdocs/apteka_2.0/system/library/currency.php on line 45
2016-05-27 11:26:47 - PHP Warning:  include(catalog/view/coloring/coloringpassword.php): failed to open stream: No such file or directory in /Applications/MAMP/htdocs/apteka_2.0/catalog/view/theme/default/template/common/header.tpl on line 49
2016-05-27 11:26:47 - PHP Warning:  include(catalog/view/coloring/coloringpassword.php): failed to open stream: No such file or directory in /Applications/MAMP/htdocs/apteka_2.0/catalog/view/theme/default/template/common/header.tpl on line 49
2016-05-27 11:26:47 - PHP Warning:  include(): Failed opening 'catalog/view/coloring/coloringpassword.php' for inclusion (include_path='.:/Applications/MAMP/bin/php/php7.0.0/lib/php') in /Applications/MAMP/htdocs/apteka_2.0/catalog/view/theme/default/template/common/header.tpl on line 49
2016-05-27 11:26:47 - PHP Warning:  include(): Failed opening 'catalog/view/coloring/coloringpassword.php' for inclusion (include_path='.:/Applications/MAMP/bin/php/php7.0.0/lib/php') in /Applications/MAMP/htdocs/apteka_2.0/catalog/view/theme/default/template/common/header.tpl on line 49
2016-05-27 11:27:48 - PHP Warning:  include(catalog/view/coloring/coloringpassword.php): failed to open stream: No such file or directory in /Applications/MAMP/htdocs/apteka_2.0/catalog/view/theme/default/template/common/header.tpl on line 49
2016-05-27 11:27:48 - PHP Warning:  include(): Failed opening 'catalog/view/coloring/coloringpassword.php' for inclusion (include_path='.:/Applications/MAMP/bin/php/php7.0.0/lib/php') in /Applications/MAMP/htdocs/apteka_2.0/catalog/view/theme/default/template/common/header.tpl on line 49
2016-05-27 11:27:53 - PHP Warning:  include(catalog/view/coloring/coloringpassword.php): failed to open stream: No such file or directory in /Applications/MAMP/htdocs/apteka_2.0/catalog/view/theme/default/template/common/header.tpl on line 49
2016-05-27 11:27:53 - PHP Warning:  include(): Failed opening 'catalog/view/coloring/coloringpassword.php' for inclusion (include_path='.:/Applications/MAMP/bin/php/php7.0.0/lib/php') in /Applications/MAMP/htdocs/apteka_2.0/catalog/view/theme/default/template/common/header.tpl on line 49
2016-05-27 11:37:54 - PHP Warning:  include(catalog/view/coloring/coloringpassword.php): failed to open stream: No such file or directory in /Applications/MAMP/htdocs/apteka_2.0/catalog/view/theme/default/template/common/header.tpl on line 49
2016-05-27 11:37:54 - PHP Warning:  include(): Failed opening 'catalog/view/coloring/coloringpassword.php' for inclusion (include_path='.:/Applications/MAMP/bin/php/php7.0.0/lib/php') in /Applications/MAMP/htdocs/apteka_2.0/catalog/view/theme/default/template/common/header.tpl on line 49
2016-05-27 11:40:25 - PHP Warning:  include(catalog/view/coloring/coloringpassword.php): failed to open stream: No such file or directory in /Applications/MAMP/htdocs/apteka_2.0/catalog/view/theme/default/template/common/header.tpl on line 49
2016-05-27 11:40:25 - PHP Warning:  include(): Failed opening 'catalog/view/coloring/coloringpassword.php' for inclusion (include_path='.:/Applications/MAMP/bin/php/php7.0.0/lib/php') in /Applications/MAMP/htdocs/apteka_2.0/catalog/view/theme/default/template/common/header.tpl on line 49
2016-05-27 11:40:32 - PHP Warning:  include(catalog/view/coloring/coloringpassword.php): failed to open stream: No such file or directory in /Applications/MAMP/htdocs/apteka_2.0/catalog/view/theme/default/template/common/header.tpl on line 49
2016-05-27 11:40:32 - PHP Warning:  include(): Failed opening 'catalog/view/coloring/coloringpassword.php' for inclusion (include_path='.:/Applications/MAMP/bin/php/php7.0.0/lib/php') in /Applications/MAMP/htdocs/apteka_2.0/catalog/view/theme/default/template/common/header.tpl on line 49
2016-05-27 11:42:19 - PHP Warning:  include(catalog/view/coloring/coloringpassword.php): failed to open stream: No such file or directory in /Applications/MAMP/htdocs/apteka_2.0/catalog/view/theme/default/template/common/header.tpl on line 49
2016-05-27 11:42:19 - PHP Warning:  include(): Failed opening 'catalog/view/coloring/coloringpassword.php' for inclusion (include_path='.:/Applications/MAMP/bin/php/php7.0.0/lib/php') in /Applications/MAMP/htdocs/apteka_2.0/catalog/view/theme/default/template/common/header.tpl on line 49
2016-05-27 11:46:18 - PHP Warning:  include(catalog/view/coloring/coloringpassword.php): failed to open stream: No such file or directory in /Applications/MAMP/htdocs/apteka_2.0/catalog/view/theme/default/template/common/header.tpl on line 49
2016-05-27 11:46:18 - PHP Warning:  include(): Failed opening 'catalog/view/coloring/coloringpassword.php' for inclusion (include_path='.:/Applications/MAMP/bin/php/php7.0.0/lib/php') in /Applications/MAMP/htdocs/apteka_2.0/catalog/view/theme/default/template/common/header.tpl on line 49
2016-05-27 11:46:40 - PHP Warning:  include(catalog/view/coloring/coloringpassword.php): failed to open stream: No such file or directory in /Applications/MAMP/htdocs/apteka_2.0/catalog/view/theme/default/template/common/header.tpl on line 49
2016-05-27 11:46:40 - PHP Warning:  include(): Failed opening 'catalog/view/coloring/coloringpassword.php' for inclusion (include_path='.:/Applications/MAMP/bin/php/php7.0.0/lib/php') in /Applications/MAMP/htdocs/apteka_2.0/catalog/view/theme/default/template/common/header.tpl on line 49
2016-05-27 11:46:55 - PHP Warning:  include(catalog/view/coloring/coloringpassword.php): failed to open stream: No such file or directory in /Applications/MAMP/htdocs/apteka_2.0/catalog/view/theme/default/template/common/header.tpl on line 49
2016-05-27 11:46:55 - PHP Warning:  include(): Failed opening 'catalog/view/coloring/coloringpassword.php' for inclusion (include_path='.:/Applications/MAMP/bin/php/php7.0.0/lib/php') in /Applications/MAMP/htdocs/apteka_2.0/catalog/view/theme/default/template/common/header.tpl on line 49
2016-05-27 12:41:33 - PHP Warning:  include(catalog/view/coloring/coloringpassword.php): failed to open stream: No such file or directory in /Applications/MAMP/htdocs/apteka_2.0/catalog/view/theme/default/template/common/header.tpl on line 49
2016-05-27 12:41:33 - PHP Warning:  include(): Failed opening 'catalog/view/coloring/coloringpassword.php' for inclusion (include_path='.:/Applications/MAMP/bin/php/php7.0.0/lib/php') in /Applications/MAMP/htdocs/apteka_2.0/catalog/view/theme/default/template/common/header.tpl on line 49
2016-05-27 13:48:51 - PHP Warning:  include(catalog/view/coloring/coloringpassword.php): failed to open stream: No such file or directory in /Applications/MAMP/htdocs/apteka_2.0/catalog/view/theme/default/template/common/header.tpl on line 49
2016-05-27 13:48:51 - PHP Warning:  include(): Failed opening 'catalog/view/coloring/coloringpassword.php' for inclusion (include_path='.:/Applications/MAMP/bin/php/php7.0.0/lib/php') in /Applications/MAMP/htdocs/apteka_2.0/catalog/view/theme/default/template/common/header.tpl on line 49
2016-05-27 13:49:59 - PHP Warning:  include(catalog/view/coloring/coloringpassword.php): failed to open stream: No such file or directory in /Applications/MAMP/htdocs/apteka_2.0/catalog/view/theme/default/template/common/header.tpl on line 49
2016-05-27 13:49:59 - PHP Warning:  include(): Failed opening 'catalog/view/coloring/coloringpassword.php' for inclusion (include_path='.:/Applications/MAMP/bin/php/php7.0.0/lib/php') in /Applications/MAMP/htdocs/apteka_2.0/catalog/view/theme/default/template/common/header.tpl on line 49
2016-05-27 13:50:45 - PHP Warning:  include(catalog/view/coloring/coloringpassword.php): failed to open stream: No such file or directory in /Applications/MAMP/htdocs/apteka_2.0/catalog/view/theme/default/template/common/header.tpl on line 49
2016-05-27 13:50:45 - PHP Warning:  include(): Failed opening 'catalog/view/coloring/coloringpassword.php' for inclusion (include_path='.:/Applications/MAMP/bin/php/php7.0.0/lib/php') in /Applications/MAMP/htdocs/apteka_2.0/catalog/view/theme/default/template/common/header.tpl on line 49
2016-05-27 15:01:05 - PHP Warning:  include(catalog/view/coloring/coloringpassword.php): failed to open stream: No such file or directory in /Applications/MAMP/htdocs/apteka_2.0/catalog/view/theme/default/template/common/header.tpl on line 49
2016-05-27 15:01:05 - PHP Warning:  include(): Failed opening 'catalog/view/coloring/coloringpassword.php' for inclusion (include_path='.:/Applications/MAMP/bin/php/php7.0.0/lib/php') in /Applications/MAMP/htdocs/apteka_2.0/catalog/view/theme/default/template/common/header.tpl on line 49
2016-05-27 15:01:13 - PHP Warning:  include(catalog/view/coloring/coloringpassword.php): failed to open stream: No such file or directory in /Applications/MAMP/htdocs/apteka_2.0/catalog/view/theme/default/template/common/header.tpl on line 49
2016-05-27 15:01:13 - PHP Warning:  include(): Failed opening 'catalog/view/coloring/coloringpassword.php' for inclusion (include_path='.:/Applications/MAMP/bin/php/php7.0.0/lib/php') in /Applications/MAMP/htdocs/apteka_2.0/catalog/view/theme/default/template/common/header.tpl on line 49
2016-05-27 15:01:24 - PHP Warning:  include(catalog/view/coloring/coloringpassword.php): failed to open stream: No such file or directory in /Applications/MAMP/htdocs/apteka_2.0/catalog/view/theme/default/template/common/header.tpl on line 49
2016-05-27 15:01:24 - PHP Warning:  include(): Failed opening 'catalog/view/coloring/coloringpassword.php' for inclusion (include_path='.:/Applications/MAMP/bin/php/php7.0.0/lib/php') in /Applications/MAMP/htdocs/apteka_2.0/catalog/view/theme/default/template/common/header.tpl on line 49
2016-05-27 15:01:42 - PHP Warning:  include(catalog/view/coloring/coloringpassword.php): failed to open stream: No such file or directory in /Applications/MAMP/htdocs/apteka_2.0/catalog/view/theme/default/template/common/header.tpl on line 49
2016-05-27 15:01:42 - PHP Warning:  include(): Failed opening 'catalog/view/coloring/coloringpassword.php' for inclusion (include_path='.:/Applications/MAMP/bin/php/php7.0.0/lib/php') in /Applications/MAMP/htdocs/apteka_2.0/catalog/view/theme/default/template/common/header.tpl on line 49
2016-05-27 15:07:27 - PHP Warning:  include(catalog/view/coloring/coloringpassword.php): failed to open stream: No such file or directory in /Applications/MAMP/htdocs/apteka_2.0/catalog/view/theme/default/template/common/header.tpl on line 49
2016-05-27 15:07:27 - PHP Warning:  include(): Failed opening 'catalog/view/coloring/coloringpassword.php' for inclusion (include_path='.:/Applications/MAMP/bin/php/php7.0.0/lib/php') in /Applications/MAMP/htdocs/apteka_2.0/catalog/view/theme/default/template/common/header.tpl on line 49
2016-05-27 15:07:54 - PHP Warning:  include(catalog/view/coloring/coloringpassword.php): failed to open stream: No such file or directory in /Applications/MAMP/htdocs/apteka_2.0/catalog/view/theme/default/template/common/header.tpl on line 49
2016-05-27 15:07:54 - PHP Warning:  include(): Failed opening 'catalog/view/coloring/coloringpassword.php' for inclusion (include_path='.:/Applications/MAMP/bin/php/php7.0.0/lib/php') in /Applications/MAMP/htdocs/apteka_2.0/catalog/view/theme/default/template/common/header.tpl on line 49
2016-05-27 15:11:54 - PHP Warning:  include(catalog/view/coloring/coloringpassword.php): failed to open stream: No such file or directory in /Applications/MAMP/htdocs/apteka_2.0/catalog/view/theme/default/template/common/header.tpl on line 49
2016-05-27 15:11:54 - PHP Warning:  include(): Failed opening 'catalog/view/coloring/coloringpassword.php' for inclusion (include_path='.:/Applications/MAMP/bin/php/php7.0.0/lib/php') in /Applications/MAMP/htdocs/apteka_2.0/catalog/view/theme/default/template/common/header.tpl on line 49
2016-05-27 15:13:16 - PHP Warning:  include(catalog/view/coloring/coloringpassword.php): failed to open stream: No such file or directory in /Applications/MAMP/htdocs/apteka_2.0/catalog/view/theme/default/template/common/header.tpl on line 49
2016-05-27 15:13:16 - PHP Warning:  include(): Failed opening 'catalog/view/coloring/coloringpassword.php' for inclusion (include_path='.:/Applications/MAMP/bin/php/php7.0.0/lib/php') in /Applications/MAMP/htdocs/apteka_2.0/catalog/view/theme/default/template/common/header.tpl on line 49
2016-05-27 15:15:28 - PHP Warning:  include(catalog/view/coloring/coloringpassword.php): failed to open stream: No such file or directory in /Applications/MAMP/htdocs/apteka_2.0/catalog/view/theme/default/template/common/header.tpl on line 49
2016-05-27 15:15:28 - PHP Warning:  include(): Failed opening 'catalog/view/coloring/coloringpassword.php' for inclusion (include_path='.:/Applications/MAMP/bin/php/php7.0.0/lib/php') in /Applications/MAMP/htdocs/apteka_2.0/catalog/view/theme/default/template/common/header.tpl on line 49
2016-05-27 15:15:50 - PHP Warning:  include(catalog/view/coloring/coloringpassword.php): failed to open stream: No such file or directory in /Applications/MAMP/htdocs/apteka_2.0/catalog/view/theme/default/template/common/header.tpl on line 49
2016-05-27 15:15:50 - PHP Warning:  include(): Failed opening 'catalog/view/coloring/coloringpassword.php' for inclusion (include_path='.:/Applications/MAMP/bin/php/php7.0.0/lib/php') in /Applications/MAMP/htdocs/apteka_2.0/catalog/view/theme/default/template/common/header.tpl on line 49
2016-05-27 15:15:54 - PHP Warning:  include(catalog/view/coloring/coloringpassword.php): failed to open stream: No such file or directory in /Applications/MAMP/htdocs/apteka_2.0/catalog/view/theme/default/template/common/header.tpl on line 49
2016-05-27 15:15:54 - PHP Warning:  include(): Failed opening 'catalog/view/coloring/coloringpassword.php' for inclusion (include_path='.:/Applications/MAMP/bin/php/php7.0.0/lib/php') in /Applications/MAMP/htdocs/apteka_2.0/catalog/view/theme/default/template/common/header.tpl on line 49
2016-05-27 15:17:14 - PHP Warning:  include(catalog/view/coloring/coloringpassword.php): failed to open stream: No such file or directory in /Applications/MAMP/htdocs/apteka_2.0/catalog/view/theme/default/template/common/header.tpl on line 49
2016-05-27 15:17:14 - PHP Warning:  include(): Failed opening 'catalog/view/coloring/coloringpassword.php' for inclusion (include_path='.:/Applications/MAMP/bin/php/php7.0.0/lib/php') in /Applications/MAMP/htdocs/apteka_2.0/catalog/view/theme/default/template/common/header.tpl on line 49
2016-05-27 15:26:36 - PHP Warning:  include(catalog/view/coloring/coloringpassword.php): failed to open stream: No such file or directory in /Applications/MAMP/htdocs/apteka_2.0/catalog/view/theme/default/template/common/header.tpl on line 49
2016-05-27 15:26:36 - PHP Warning:  include(): Failed opening 'catalog/view/coloring/coloringpassword.php' for inclusion (include_path='.:/Applications/MAMP/bin/php/php7.0.0/lib/php') in /Applications/MAMP/htdocs/apteka_2.0/catalog/view/theme/default/template/common/header.tpl on line 49
2016-05-27 15:28:12 - PHP Warning:  include(catalog/view/coloring/coloringpassword.php): failed to open stream: No such file or directory in /Applications/MAMP/htdocs/apteka_2.0/catalog/view/theme/default/template/common/header.tpl on line 49
2016-05-27 15:28:12 - PHP Warning:  include(): Failed opening 'catalog/view/coloring/coloringpassword.php' for inclusion (include_path='.:/Applications/MAMP/bin/php/php7.0.0/lib/php') in /Applications/MAMP/htdocs/apteka_2.0/catalog/view/theme/default/template/common/header.tpl on line 49
2016-05-27 15:28:46 - PHP Warning:  include(catalog/view/coloring/coloringpassword.php): failed to open stream: No such file or directory in /Applications/MAMP/htdocs/apteka_2.0/catalog/view/theme/default/template/common/header.tpl on line 49
2016-05-27 15:28:46 - PHP Warning:  include(): Failed opening 'catalog/view/coloring/coloringpassword.php' for inclusion (include_path='.:/Applications/MAMP/bin/php/php7.0.0/lib/php') in /Applications/MAMP/htdocs/apteka_2.0/catalog/view/theme/default/template/common/header.tpl on line 49
2016-05-27 15:30:42 - PHP Warning:  include(catalog/view/coloring/coloringpassword.php): failed to open stream: No such file or directory in /Applications/MAMP/htdocs/apteka_2.0/catalog/view/theme/default/template/common/header.tpl on line 49
2016-05-27 15:30:42 - PHP Warning:  include(): Failed opening 'catalog/view/coloring/coloringpassword.php' for inclusion (include_path='.:/Applications/MAMP/bin/php/php7.0.0/lib/php') in /Applications/MAMP/htdocs/apteka_2.0/catalog/view/theme/default/template/common/header.tpl on line 49
2016-05-27 15:31:31 - PHP Warning:  include(catalog/view/coloring/coloringpassword.php): failed to open stream: No such file or directory in /Applications/MAMP/htdocs/apteka_2.0/catalog/view/theme/default/template/common/header.tpl on line 49
2016-05-27 15:31:31 - PHP Warning:  include(): Failed opening 'catalog/view/coloring/coloringpassword.php' for inclusion (include_path='.:/Applications/MAMP/bin/php/php7.0.0/lib/php') in /Applications/MAMP/htdocs/apteka_2.0/catalog/view/theme/default/template/common/header.tpl on line 49
2016-05-27 16:02:28 - PHP Warning:  include(catalog/view/coloring/coloringpassword.php): failed to open stream: No such file or directory in /Applications/MAMP/htdocs/apteka_2.0/catalog/view/theme/default/template/common/header.tpl on line 49
2016-05-27 16:02:28 - PHP Warning:  include(): Failed opening 'catalog/view/coloring/coloringpassword.php' for inclusion (include_path='.:/Applications/MAMP/bin/php/php7.0.0/lib/php') in /Applications/MAMP/htdocs/apteka_2.0/catalog/view/theme/default/template/common/header.tpl on line 49
2016-05-27 16:03:44 - PHP Warning:  include(catalog/view/coloring/coloringpassword.php): failed to open stream: No such file or directory in /Applications/MAMP/htdocs/apteka_2.0/catalog/view/theme/default/template/common/header.tpl on line 49
2016-05-27 16:03:44 - PHP Warning:  include(): Failed opening 'catalog/view/coloring/coloringpassword.php' for inclusion (include_path='.:/Applications/MAMP/bin/php/php7.0.0/lib/php') in /Applications/MAMP/htdocs/apteka_2.0/catalog/view/theme/default/template/common/header.tpl on line 49
2016-05-27 16:05:15 - PHP Warning:  include(catalog/view/coloring/coloringpassword.php): failed to open stream: No such file or directory in /Applications/MAMP/htdocs/apteka_2.0/catalog/view/theme/default/template/common/header.tpl on line 49
2016-05-27 16:05:15 - PHP Warning:  include(): Failed opening 'catalog/view/coloring/coloringpassword.php' for inclusion (include_path='.:/Applications/MAMP/bin/php/php7.0.0/lib/php') in /Applications/MAMP/htdocs/apteka_2.0/catalog/view/theme/default/template/common/header.tpl on line 49
2016-05-27 16:05:44 - PHP Warning:  include(catalog/view/coloring/coloringpassword.php): failed to open stream: No such file or directory in /Applications/MAMP/htdocs/apteka_2.0/catalog/view/theme/default/template/common/header.tpl on line 49
2016-05-27 16:05:44 - PHP Warning:  include(): Failed opening 'catalog/view/coloring/coloringpassword.php' for inclusion (include_path='.:/Applications/MAMP/bin/php/php7.0.0/lib/php') in /Applications/MAMP/htdocs/apteka_2.0/catalog/view/theme/default/template/common/header.tpl on line 49
2016-05-27 16:05:48 - PHP Warning:  include(catalog/view/coloring/coloringpassword.php): failed to open stream: No such file or directory in /Applications/MAMP/htdocs/apteka_2.0/catalog/view/theme/default/template/common/header.tpl on line 49
2016-05-27 16:05:48 - PHP Warning:  include(): Failed opening 'catalog/view/coloring/coloringpassword.php' for inclusion (include_path='.:/Applications/MAMP/bin/php/php7.0.0/lib/php') in /Applications/MAMP/htdocs/apteka_2.0/catalog/view/theme/default/template/common/header.tpl on line 49
2016-05-27 16:44:38 - PHP Warning:  include(catalog/view/coloring/coloringpassword.php): failed to open stream: No such file or directory in /Applications/MAMP/htdocs/apteka_2.0/catalog/view/theme/default/template/common/header.tpl on line 49
2016-05-27 16:44:38 - PHP Warning:  include(): Failed opening 'catalog/view/coloring/coloringpassword.php' for inclusion (include_path='.:/Applications/MAMP/bin/php/php7.0.0/lib/php') in /Applications/MAMP/htdocs/apteka_2.0/catalog/view/theme/default/template/common/header.tpl on line 49
2016-05-27 16:44:42 - PHP Warning:  include(catalog/view/coloring/coloringpassword.php): failed to open stream: No such file or directory in /Applications/MAMP/htdocs/apteka_2.0/catalog/view/theme/default/template/common/header.tpl on line 49
2016-05-27 16:44:42 - PHP Warning:  include(): Failed opening 'catalog/view/coloring/coloringpassword.php' for inclusion (include_path='.:/Applications/MAMP/bin/php/php7.0.0/lib/php') in /Applications/MAMP/htdocs/apteka_2.0/catalog/view/theme/default/template/common/header.tpl on line 49
2016-05-27 16:55:43 - PHP Warning:  include(catalog/view/coloring/coloringpassword.php): failed to open stream: No such file or directory in /Applications/MAMP/htdocs/apteka_2.0/catalog/view/theme/default/template/common/header.tpl on line 49
2016-05-27 16:55:43 - PHP Warning:  include(): Failed opening 'catalog/view/coloring/coloringpassword.php' for inclusion (include_path='.:/Applications/MAMP/bin/php/php7.0.0/lib/php') in /Applications/MAMP/htdocs/apteka_2.0/catalog/view/theme/default/template/common/header.tpl on line 49
2016-05-30 12:02:57 - PHP Warning:  include(catalog/view/coloring/coloringpassword.php): failed to open stream: No such file or directory in /Applications/MAMP/htdocs/apteka_2.0/catalog/view/theme/default/template/common/header.tpl on line 49
2016-05-30 12:02:57 - PHP Warning:  include(): Failed opening 'catalog/view/coloring/coloringpassword.php' for inclusion (include_path='.:/Applications/MAMP/bin/php/php7.0.0/lib/php') in /Applications/MAMP/htdocs/apteka_2.0/catalog/view/theme/default/template/common/header.tpl on line 49
2016-05-30 12:02:58 - PHP Warning:  include(catalog/view/coloring/coloringpassword.php): failed to open stream: No such file or directory in /Applications/MAMP/htdocs/apteka_2.0/catalog/view/theme/default/template/common/header.tpl on line 49
2016-05-30 12:02:58 - PHP Warning:  include(): Failed opening 'catalog/view/coloring/coloringpassword.php' for inclusion (include_path='.:/Applications/MAMP/bin/php/php7.0.0/lib/php') in /Applications/MAMP/htdocs/apteka_2.0/catalog/view/theme/default/template/common/header.tpl on line 49
2016-05-30 12:03:10 - PHP Warning:  include(catalog/view/coloring/coloringpassword.php): failed to open stream: No such file or directory in /Applications/MAMP/htdocs/apteka_2.0/catalog/view/theme/default/template/common/header.tpl on line 49
2016-05-30 12:03:10 - PHP Warning:  include(): Failed opening 'catalog/view/coloring/coloringpassword.php' for inclusion (include_path='.:/Applications/MAMP/bin/php/php7.0.0/lib/php') in /Applications/MAMP/htdocs/apteka_2.0/catalog/view/theme/default/template/common/header.tpl on line 49
2016-05-30 12:03:14 - PHP Warning:  include(catalog/view/coloring/coloringpassword.php): failed to open stream: No such file or directory in /Applications/MAMP/htdocs/apteka_2.0/catalog/view/theme/default/template/common/header.tpl on line 49
2016-05-30 12:03:14 - PHP Warning:  include(): Failed opening 'catalog/view/coloring/coloringpassword.php' for inclusion (include_path='.:/Applications/MAMP/bin/php/php7.0.0/lib/php') in /Applications/MAMP/htdocs/apteka_2.0/catalog/view/theme/default/template/common/header.tpl on line 49
2016-05-30 12:15:20 - PHP Warning:  include(catalog/view/coloring/coloringpassword.php): failed to open stream: No such file or directory in /Applications/MAMP/htdocs/apteka_2.0/catalog/view/theme/default/template/common/header.tpl on line 49
2016-05-30 12:15:20 - PHP Warning:  include(): Failed opening 'catalog/view/coloring/coloringpassword.php' for inclusion (include_path='.:/Applications/MAMP/bin/php/php7.0.0/lib/php') in /Applications/MAMP/htdocs/apteka_2.0/catalog/view/theme/default/template/common/header.tpl on line 49
2016-05-30 12:17:18 - PHP Warning:  include(catalog/view/coloring/coloringpassword.php): failed to open stream: No such file or directory in /Applications/MAMP/htdocs/apteka_2.0/catalog/view/theme/default/template/common/header.tpl on line 49
2016-05-30 12:17:18 - PHP Warning:  include(): Failed opening 'catalog/view/coloring/coloringpassword.php' for inclusion (include_path='.:/Applications/MAMP/bin/php/php7.0.0/lib/php') in /Applications/MAMP/htdocs/apteka_2.0/catalog/view/theme/default/template/common/header.tpl on line 49
2016-05-30 12:21:11 - PHP Warning:  include(catalog/view/coloring/coloringpassword.php): failed to open stream: No such file or directory in /Applications/MAMP/htdocs/apteka_2.0/catalog/view/theme/default/template/common/header.tpl on line 49
2016-05-30 12:21:11 - PHP Warning:  include(): Failed opening 'catalog/view/coloring/coloringpassword.php' for inclusion (include_path='.:/Applications/MAMP/bin/php/php7.0.0/lib/php') in /Applications/MAMP/htdocs/apteka_2.0/catalog/view/theme/default/template/common/header.tpl on line 49
2016-05-30 13:35:54 - PHP Warning:  include(catalog/view/coloring/coloringpassword.php): failed to open stream: No such file or directory in /Applications/MAMP/htdocs/apteka_2.0/catalog/view/theme/default/template/common/header.tpl on line 49
2016-05-30 13:35:54 - PHP Warning:  include(): Failed opening 'catalog/view/coloring/coloringpassword.php' for inclusion (include_path='.:/Applications/MAMP/bin/php/php7.0.0/lib/php') in /Applications/MAMP/htdocs/apteka_2.0/catalog/view/theme/default/template/common/header.tpl on line 49
2016-05-30 13:36:01 - PHP Warning:  include(catalog/view/coloring/coloringpassword.php): failed to open stream: No such file or directory in /Applications/MAMP/htdocs/apteka_2.0/catalog/view/theme/default/template/common/header.tpl on line 49
2016-05-30 13:36:01 - PHP Warning:  include(): Failed opening 'catalog/view/coloring/coloringpassword.php' for inclusion (include_path='.:/Applications/MAMP/bin/php/php7.0.0/lib/php') in /Applications/MAMP/htdocs/apteka_2.0/catalog/view/theme/default/template/common/header.tpl on line 49
2016-05-30 13:36:04 - PHP Warning:  include(catalog/view/coloring/coloringpassword.php): failed to open stream: No such file or directory in /Applications/MAMP/htdocs/apteka_2.0/catalog/view/theme/default/template/common/header.tpl on line 49
2016-05-30 13:36:04 - PHP Warning:  include(): Failed opening 'catalog/view/coloring/coloringpassword.php' for inclusion (include_path='.:/Applications/MAMP/bin/php/php7.0.0/lib/php') in /Applications/MAMP/htdocs/apteka_2.0/catalog/view/theme/default/template/common/header.tpl on line 49
2016-05-30 13:36:14 - PHP Warning:  include(catalog/view/coloring/coloringpassword.php): failed to open stream: No such file or directory in /Applications/MAMP/htdocs/apteka_2.0/catalog/view/theme/default/template/common/header.tpl on line 49
2016-05-30 13:36:14 - PHP Warning:  include(): Failed opening 'catalog/view/coloring/coloringpassword.php' for inclusion (include_path='.:/Applications/MAMP/bin/php/php7.0.0/lib/php') in /Applications/MAMP/htdocs/apteka_2.0/catalog/view/theme/default/template/common/header.tpl on line 49
2016-05-30 13:51:40 - PHP Warning:  include(catalog/view/coloring/coloringpassword.php): failed to open stream: No such file or directory in /Applications/MAMP/htdocs/apteka_2.0/catalog/view/theme/default/template/common/header.tpl on line 49
2016-05-30 13:51:40 - PHP Warning:  include(): Failed opening 'catalog/view/coloring/coloringpassword.php' for inclusion (include_path='.:/Applications/MAMP/bin/php/php7.0.0/lib/php') in /Applications/MAMP/htdocs/apteka_2.0/catalog/view/theme/default/template/common/header.tpl on line 49
2016-05-30 13:56:36 - PHP Warning:  include(catalog/view/coloring/coloringpassword.php): failed to open stream: No such file or directory in /Applications/MAMP/htdocs/apteka_2.0/catalog/view/theme/default/template/common/header.tpl on line 49
2016-05-30 13:56:36 - PHP Warning:  include(): Failed opening 'catalog/view/coloring/coloringpassword.php' for inclusion (include_path='.:/Applications/MAMP/bin/php/php7.0.0/lib/php') in /Applications/MAMP/htdocs/apteka_2.0/catalog/view/theme/default/template/common/header.tpl on line 49
2016-05-30 13:57:17 - PHP Warning:  include(catalog/view/coloring/coloringpassword.php): failed to open stream: No such file or directory in /Applications/MAMP/htdocs/apteka_2.0/catalog/view/theme/default/template/common/header.tpl on line 49
2016-05-30 13:57:17 - PHP Warning:  include(): Failed opening 'catalog/view/coloring/coloringpassword.php' for inclusion (include_path='.:/Applications/MAMP/bin/php/php7.0.0/lib/php') in /Applications/MAMP/htdocs/apteka_2.0/catalog/view/theme/default/template/common/header.tpl on line 49
2016-05-30 14:14:49 - PHP Warning:  include(catalog/view/coloring/coloringpassword.php): failed to open stream: No such file or directory in /Applications/MAMP/htdocs/apteka_2.0/catalog/view/theme/default/template/common/header.tpl on line 49
2016-05-30 14:14:49 - PHP Warning:  include(): Failed opening 'catalog/view/coloring/coloringpassword.php' for inclusion (include_path='.:/Applications/MAMP/bin/php/php7.0.0/lib/php') in /Applications/MAMP/htdocs/apteka_2.0/catalog/view/theme/default/template/common/header.tpl on line 49
2016-05-30 14:17:09 - PHP Warning:  include(catalog/view/coloring/coloringpassword.php): failed to open stream: No such file or directory in /Applications/MAMP/htdocs/apteka_2.0/catalog/view/theme/default/template/common/header.tpl on line 49
2016-05-30 14:17:09 - PHP Warning:  include(): Failed opening 'catalog/view/coloring/coloringpassword.php' for inclusion (include_path='.:/Applications/MAMP/bin/php/php7.0.0/lib/php') in /Applications/MAMP/htdocs/apteka_2.0/catalog/view/theme/default/template/common/header.tpl on line 49
2016-05-30 14:20:14 - PHP Warning:  include(catalog/view/coloring/coloringpassword.php): failed to open stream: No such file or directory in /Applications/MAMP/htdocs/apteka_2.0/catalog/view/theme/default/template/common/header.tpl on line 49
2016-05-30 14:20:14 - PHP Warning:  include(): Failed opening 'catalog/view/coloring/coloringpassword.php' for inclusion (include_path='.:/Applications/MAMP/bin/php/php7.0.0/lib/php') in /Applications/MAMP/htdocs/apteka_2.0/catalog/view/theme/default/template/common/header.tpl on line 49
2016-05-30 14:22:01 - PHP Warning:  include(catalog/view/coloring/coloringpassword.php): failed to open stream: No such file or directory in /Applications/MAMP/htdocs/apteka_2.0/catalog/view/theme/default/template/common/header.tpl on line 49
2016-05-30 14:22:01 - PHP Warning:  include(): Failed opening 'catalog/view/coloring/coloringpassword.php' for inclusion (include_path='.:/Applications/MAMP/bin/php/php7.0.0/lib/php') in /Applications/MAMP/htdocs/apteka_2.0/catalog/view/theme/default/template/common/header.tpl on line 49
2016-05-30 14:24:12 - PHP Notice:  Undefined index: address_1 in /Applications/MAMP/htdocs/apteka_2.0/catalog/controller/checkout/guest.php on line 215
2016-05-30 14:24:12 - PHP Notice:  Undefined index: city in /Applications/MAMP/htdocs/apteka_2.0/catalog/controller/checkout/guest.php on line 219
2016-05-30 14:24:12 - PHP Notice:  Undefined index: country_id in /Applications/MAMP/htdocs/apteka_2.0/catalog/controller/checkout/guest.php on line 225
2016-05-30 14:24:12 - PHP Notice:  Undefined index: country_id in /Applications/MAMP/htdocs/apteka_2.0/catalog/controller/checkout/guest.php on line 231
2016-05-30 14:24:25 - PHP Warning:  include(catalog/view/coloring/coloringpassword.php): failed to open stream: No such file or directory in /Applications/MAMP/htdocs/apteka_2.0/catalog/view/theme/default/template/common/header.tpl on line 49
2016-05-30 14:24:25 - PHP Warning:  include(): Failed opening 'catalog/view/coloring/coloringpassword.php' for inclusion (include_path='.:/Applications/MAMP/bin/php/php7.0.0/lib/php') in /Applications/MAMP/htdocs/apteka_2.0/catalog/view/theme/default/template/common/header.tpl on line 49
2016-05-30 14:24:37 - PHP Notice:  Undefined index: address_1 in /Applications/MAMP/htdocs/apteka_2.0/catalog/controller/checkout/guest.php on line 215
2016-05-30 14:24:37 - PHP Notice:  Undefined index: city in /Applications/MAMP/htdocs/apteka_2.0/catalog/controller/checkout/guest.php on line 219
2016-05-30 14:24:37 - PHP Notice:  Undefined index: country_id in /Applications/MAMP/htdocs/apteka_2.0/catalog/controller/checkout/guest.php on line 225
2016-05-30 14:24:37 - PHP Notice:  Undefined index: country_id in /Applications/MAMP/htdocs/apteka_2.0/catalog/controller/checkout/guest.php on line 231
2016-05-30 14:27:38 - PHP Warning:  include(catalog/view/coloring/coloringpassword.php): failed to open stream: No such file or directory in /Applications/MAMP/htdocs/apteka_2.0/catalog/view/theme/default/template/common/header.tpl on line 49
2016-05-30 14:27:38 - PHP Warning:  include(): Failed opening 'catalog/view/coloring/coloringpassword.php' for inclusion (include_path='.:/Applications/MAMP/bin/php/php7.0.0/lib/php') in /Applications/MAMP/htdocs/apteka_2.0/catalog/view/theme/default/template/common/header.tpl on line 49
2016-05-30 14:27:59 - PHP Warning:  include(catalog/view/coloring/coloringpassword.php): failed to open stream: No such file or directory in /Applications/MAMP/htdocs/apteka_2.0/catalog/view/theme/default/template/common/header.tpl on line 49
2016-05-30 14:27:59 - PHP Warning:  include(): Failed opening 'catalog/view/coloring/coloringpassword.php' for inclusion (include_path='.:/Applications/MAMP/bin/php/php7.0.0/lib/php') in /Applications/MAMP/htdocs/apteka_2.0/catalog/view/theme/default/template/common/header.tpl on line 49
2016-05-30 14:34:53 - PHP Warning:  include(catalog/view/coloring/coloringpassword.php): failed to open stream: No such file or directory in /Applications/MAMP/htdocs/apteka_2.0/catalog/view/theme/default/template/common/header.tpl on line 49
2016-05-30 14:34:54 - PHP Warning:  include(): Failed opening 'catalog/view/coloring/coloringpassword.php' for inclusion (include_path='.:/Applications/MAMP/bin/php/php7.0.0/lib/php') in /Applications/MAMP/htdocs/apteka_2.0/catalog/view/theme/default/template/common/header.tpl on line 49
2016-05-30 16:37:53 - PHP Warning:  include(catalog/view/coloring/coloringpassword.php): failed to open stream: No such file or directory in /Applications/MAMP/htdocs/apteka_2.0/catalog/view/theme/default/template/common/header.tpl on line 49
2016-05-30 16:37:53 - PHP Warning:  include(): Failed opening 'catalog/view/coloring/coloringpassword.php' for inclusion (include_path='.:/Applications/MAMP/bin/php/php7.0.0/lib/php') in /Applications/MAMP/htdocs/apteka_2.0/catalog/view/theme/default/template/common/header.tpl on line 49
2016-05-30 16:38:12 - PHP Warning:  include(catalog/view/coloring/coloringpassword.php): failed to open stream: No such file or directory in /Applications/MAMP/htdocs/apteka_2.0/catalog/view/theme/default/template/common/header.tpl on line 49
2016-05-30 16:38:12 - PHP Warning:  include(): Failed opening 'catalog/view/coloring/coloringpassword.php' for inclusion (include_path='.:/Applications/MAMP/bin/php/php7.0.0/lib/php') in /Applications/MAMP/htdocs/apteka_2.0/catalog/view/theme/default/template/common/header.tpl on line 49
2016-05-30 16:38:31 - PHP Warning:  include(catalog/view/coloring/coloringpassword.php): failed to open stream: No such file or directory in /Applications/MAMP/htdocs/apteka_2.0/catalog/view/theme/default/template/common/header.tpl on line 49
2016-05-30 16:38:31 - PHP Warning:  include(): Failed opening 'catalog/view/coloring/coloringpassword.php' for inclusion (include_path='.:/Applications/MAMP/bin/php/php7.0.0/lib/php') in /Applications/MAMP/htdocs/apteka_2.0/catalog/view/theme/default/template/common/header.tpl on line 49
